[    0.000000] Initializing cgroup subsys cpuset
[    0.000000] Initializing cgroup subsys cpu
[    0.000000] Initializing cgroup subsys cpuacct
[    0.000000] Linux version 4.4.0-157-generic (buildd@lgw01-amd64-037) (gcc version 5.4.0 20160609 (Ubuntu 5.4.0-6ubuntu1~16.04.10) ) #185-Ubuntu SMP Tue Jul 23 09:17:01 UTC 2019 (Ubuntu 4.4.0-157.185-generic 4.4.181)
[    0.000000] Command line: BOOT_IMAGE=/boot/vmlinuz-4.4.0-157-generic root=LABEL=cloudimg-rootfs ro console=tty1 console=ttyS0
[    0.000000] KERNEL supported cpus:
[    0.000000]   Intel GenuineIntel
[    0.000000]   AMD AuthenticAMD
[    0.000000]   Centaur CentaurHauls
[    0.000000] x86/fpu: xstate_offset[2]:  576, xstate_sizes[2]:  256
[    0.000000] x86/fpu: Supporting XSAVE feature 0x01: 'x87 floating point registers'
[    0.000000] x86/fpu: Supporting XSAVE feature 0x02: 'SSE registers'
[    0.000000] x86/fpu: Supporting XSAVE feature 0x04: 'AVX registers'
[    0.000000] x86/fpu: Enabled xstate features 0x7, context size is 832 bytes, using 'standard' format.
[    0.000000] e820: BIOS-provided physical RAM map:
[    0.000000] BIOS-e820: [mem 0x0000000000000000-0x000000000009fbff] usable
[    0.000000] BIOS-e820: [mem 0x000000000009fc00-0x000000000009ffff] reserved
[    0.000000] BIOS-e820: [mem 0x00000000000f0000-0x00000000000fffff] reserved
[    0.000000] BIOS-e820: [mem 0x0000000000100000-0x000000001ffeffff] usable
[    0.000000] BIOS-e820: [mem 0x000000001fff0000-0x000000001fffffff] ACPI data
[    0.000000] BIOS-e820: [mem 0x00000000fec00000-0x00000000fec00fff] reserved
[    0.000000] BIOS-e820: [mem 0x00000000fee00000-0x00000000fee00fff] reserved
[    0.000000] BIOS-e820: [mem 0x00000000fffc0000-0x00000000ffffffff] reserved
[    0.000000] NX (Execute Disable) protection: active
[    0.000000] SMBIOS 2.5 present.
[    0.000000] Hypervisor detected: KVM
[    0.000000] e820: last_pfn = 0x1fff0 max_arch_pfn = 0x400000000
[    0.000000] MTRR: Disabled
[    0.000000] x86/PAT: MTRRs disabled, skipping PAT initialization too.
[    0.000000] CPU MTRRs all blank - virtualized system.
[    0.000000] x86/PAT: Configuration [0-7]: WB  WT  UC- UC  WB  WT  UC- UC  
[    0.000000] found SMP MP-table at [mem 0x0009fff0-0x0009ffff] mapped at [ffff88000009fff0]
[    0.000000] Scanning 1 areas for low memory corruption
[    0.000000] RAMDISK: [mem 0x1e88e000-0x1f708fff]
[    0.000000] ACPI: Early table checksum verification disabled
[    0.000000] ACPI: RSDP 0x00000000000E0000 000024 (v02 VBOX  )
[    0.000000] ACPI: XSDT 0x000000001FFF0030 00003C (v01 VBOX   VBOXXSDT 00000001 ASL  00000061)
[    0.000000] ACPI: FACP 0x000000001FFF00F0 0000F4 (v04 VBOX   VBOXFACP 00000001 ASL  00000061)
[    0.000000] ACPI: DSDT 0x000000001FFF0470 0021FF (v02 VBOX   VBOXBIOS 00000002 INTL 20180105)
[    0.000000] ACPI: FACS 0x000000001FFF0200 000040
[    0.000000] ACPI: FACS 0x000000001FFF0200 000040
[    0.000000] ACPI: APIC 0x000000001FFF0240 00005C (v02 VBOX   VBOXAPIC 00000001 ASL  00000061)
[    0.000000] ACPI: SSDT 0x000000001FFF02A0 0001CC (v01 VBOX   VBOXCPUT 00000002 INTL 20180105)
[    0.000000] No NUMA configuration found
[    0.000000] Faking a node at [mem 0x0000000000000000-0x000000001ffeffff]
[    0.000000] NODE_DATA(0) allocated [mem 0x1ffeb000-0x1ffeffff]
[    0.000000] kvm-clock: Using msrs 4b564d01 and 4b564d00
[    0.000000] kvm-clock: cpu 0, msr 0:1ffe3001, primary cpu clock
[    0.000000] kvm-clock: using sched offset of 13851762480 cycles
[    0.000000] clocksource: kvm-clock: mask: 0xffffffffffffffff max_cycles: 0x1cd42e4dffb, max_idle_ns: 881590591483 ns
[    0.000000] Zone ranges:
[    0.000000]   DMA      [mem 0x0000000000001000-0x0000000000ffffff]
[    0.000000]   DMA32    [mem 0x0000000001000000-0x000000001ffeffff]
[    0.000000]   Normal   empty
[    0.000000]   Device   empty
[    0.000000] Movable zone start for each node
[    0.000000] Early memory node ranges
[    0.000000]   node   0: [mem 0x0000000000001000-0x000000000009efff]
[    0.000000]   node   0: [mem 0x0000000000100000-0x000000001ffeffff]
[    0.000000] Initmem setup node 0 [mem 0x0000000000001000-0x000000001ffeffff]
[    0.000000] ACPI: PM-Timer IO Port: 0x4008
[    0.000000] IOAPIC[0]: apic_id 2, version 32, address 0xfec00000, GSI 0-23
[    0.000000] ACPI: INT_SRC_OVR (bus 0 bus_irq 0 global_irq 2 dfl dfl)
[    0.000000] ACPI: INT_SRC_OVR (bus 0 bus_irq 9 global_irq 9 low level)
[    0.000000] Using ACPI (MADT) for SMP configuration information
[    0.000000] smpboot: Allowing 2 CPUs, 0 hotplug CPUs
[    0.000000] PM: Registered nosave memory: [mem 0x00000000-0x00000fff]
[    0.000000] PM: Registered nosave memory: [mem 0x0009f000-0x0009ffff]
[    0.000000] PM: Registered nosave memory: [mem 0x000a0000-0x000effff]
[    0.000000] PM: Registered nosave memory: [mem 0x000f0000-0x000fffff]
[    0.000000] e820: [mem 0x20000000-0xfebfffff] available for PCI devices
[    0.000000] Booting paravirtualized kernel on KVM
[    0.000000] clocksource: refined-jiffies: mask: 0xffffffff max_cycles: 0xffffffff, max_idle_ns: 7645519600211568 ns
[    0.000000] setup_percpu: NR_CPUS:512 nr_cpumask_bits:512 nr_cpu_ids:2 nr_node_ids:1
[    0.000000] PERCPU: Embedded 34 pages/cpu @ffff88001fc00000 s99544 r8192 d31528 u1048576
[    0.000000] Built 1 zonelists in Node order, mobility grouping on.  Total pages: 128888
[    0.000000] Policy zone: DMA32
[    0.000000] Kernel command line: BOOT_IMAGE=/boot/vmlinuz-4.4.0-157-generic root=LABEL=cloudimg-rootfs ro console=tty1 console=ttyS0
[    0.000000] PID hash table entries: 2048 (order: 2, 16384 bytes)
[    0.000000] Memory: 481652K/523832K available (8618K kernel code, 1335K rwdata, 4032K rodata, 1484K init, 1284K bss, 42180K reserved, 0K cma-reserved)
[    0.000000] SLUB: HWalign=64, Order=0-3, MinObjects=0, CPUs=2, Nodes=1
[    0.000000] Kernel/User page tables isolation: enabled
[    0.000000] Hierarchical RCU implementation.
[    0.000000] 	Build-time adjustment of leaf fanout to 64.
[    0.000000] 	RCU restricting CPUs from NR_CPUS=512 to nr_cpu_ids=2.
[    0.000000] RCU: Adjusting geometry for rcu_fanout_leaf=64, nr_cpu_ids=2
[    0.000000] NR_IRQS:33024 nr_irqs:440 16
[    0.000000] Console: colour VGA+ 80x25
[    0.000000] console [tty1] enabled
[    0.000000] console [ttyS0] enabled
[    0.000000] tsc: Detected 2195.018 MHz processor
[    3.685516] Calibrating delay loop (skipped) preset value.. 4390.03 BogoMIPS (lpj=8780072)
[    3.731293] pid_max: default: 32768 minimum: 301
[    3.759886] ACPI: Core revision 20150930
[    3.784994] ACPI: 2 ACPI AML tables successfully acquired and loaded
[    3.821774] Security Framework initialized
[    3.847397] Yama: becoming mindful.
[    3.872301] AppArmor: AppArmor initialized
[    3.895212] Dentry cache hash table entries: 65536 (order: 7, 524288 bytes)
[    3.927772] Inode-cache hash table entries: 32768 (order: 6, 262144 bytes)
[    3.961451] Mount-cache hash table entries: 1024 (order: 1, 8192 bytes)
[    3.994709] Mountpoint-cache hash table entries: 1024 (order: 1, 8192 bytes)
[    4.028733] Initializing cgroup subsys io
[    4.051080] Initializing cgroup subsys memory
[    4.077789] Initializing cgroup subsys devices
[    4.115737] Initializing cgroup subsys freezer
[    4.140293] Initializing cgroup subsys net_cls
[    4.170484] Initializing cgroup subsys perf_event
[    4.197164] Initializing cgroup subsys net_prio
[    4.224247] Initializing cgroup subsys hugetlb
[    4.264288] Initializing cgroup subsys pids
[    4.288622] mce: CPU supports 0 MCE banks
[    4.311567] Last level iTLB entries: 4KB 512, 2MB 8, 4MB 8
[    4.338883] Last level dTLB entries: 4KB 512, 2MB 32, 4MB 32, 1GB 0
[    4.369562] Spectre V2 : Mitigation: Full generic retpoline
[    4.397344] Spectre V2 : Spectre v2 / SpectreRSB mitigation: Filling RSB on context switch
[    4.440769] Speculative Store Bypass: Vulnerable
[    4.465187] MDS: Vulnerable: Clear CPU buffers attempted, no microcode
[    4.542771] Freeing SMP alternatives memory: 36K
[    4.655317] ftrace: allocating 32312 entries in 127 pages
[    5.298686] smpboot: APIC(0) Converting physical 0 to logical package 0
[    5.354570] smpboot: Max logical packages: 1
[    5.415477] x2apic enabled
[    5.452658] Switched APIC routing to physical x2apic.
[    5.505834] ..TIMER: vector=0x30 apic1=0 pin1=2 apic2=-1 pin2=-1
[    5.642861] smpboot: CPU0: Intel(R) Core(TM) i7-2670QM CPU @ 2.20GHz (family: 0x6, model: 0x2a, stepping: 0x7)
[    5.698767] Performance Events: unsupported p6 CPU model 42 no PMU driver, software events only.
[    5.838305] KVM setup paravirtual spinlock
[    5.862014] x86: Booting SMP configuration:
[    5.884284] .... node  #0, CPUs:      #1
[    5.909426] kvm-clock: cpu 1, msr 0:1ffe3041, secondary cpu clock
[    5.932761] mce: CPU supports 0 MCE banks
[    5.948570] x86: Booted up 1 node, 2 CPUs
[    5.978072] smpboot: Total of 2 processors activated (8780.07 BogoMIPS)
[    6.023584] devtmpfs: initialized
[    6.054053] evm: security.selinux
[    6.076243] evm: security.SMACK64
[    6.099514] evm: security.SMACK64EXEC
[    6.123051] evm: security.SMACK64TRANSMUTE
[    6.146800] evm: security.SMACK64MMAP
[    6.169040] evm: security.ima
[    6.189893] evm: security.capability
[    6.212362] clocksource: jiffies: mask: 0xffffffff max_cycles: 0xffffffff, max_idle_ns: 7645041785100000 ns
[    6.258854] futex hash table entries: 512 (order: 3, 32768 bytes)
[    6.292214] pinctrl core: initialized pinctrl subsystem
[    6.323542] RTC time: 12:57:25, date: 08/12/19
[    6.347833] NET: Registered protocol family 16
[    6.380932] cpuidle: using governor ladder
[    6.415565] cpuidle: using governor menu
[    6.436978] PCCT header not found.
[    6.461817] ACPI: bus type PCI registered
[    6.485758] acpiphp: ACPI Hot Plug PCI Controller Driver version: 0.5
[    6.596061] PCI: Using configuration type 1 for base access
[    6.726469] ACPI: Added _OSI(Module Device)
[    6.752708] ACPI: Added _OSI(Processor Device)
[    6.780166] ACPI: Added _OSI(3.0 _SCP Extensions)
[    6.807079] ACPI: Added _OSI(Processor Aggregator Device)
[    6.850097] ACPI: Executed 1 blocks of module-level executable AML code
[    6.893444] ACPI: Interpreter enabled
[    6.913852] ACPI: (supports S0 S5)
[    6.933239] ACPI: Using IOAPIC for interrupt routing
[    6.958947] PCI: Using host bridge windows from ACPI; if necessary, use "pci=nocrs" and report a bug
[    7.031876] ACPI: PCI Root Bridge [PCI0] (domain 0000 [bus 00-ff])
[    7.063170] acpi PNP0A03:00: _OSC: OS supports [ASPM ClockPM Segments MSI]
[    7.097545] acpi PNP0A03:00: _OSC: not requesting OS control; OS requires [ExtendedConfig ASPM ClockPM MSI]
[    7.149185] acpi PNP0A03:00: fail to add MMCONFIG information, can't access extended PCI configuration space under this bridge.
[    7.210530] PCI host bridge to bus 0000:00
[    7.233485] pci_bus 0000:00: root bus resource [io  0x0000-0x0cf7 window]
[    7.267703] pci_bus 0000:00: root bus resource [io  0x0d00-0xffff window]
[    7.301379] pci_bus 0000:00: root bus resource [mem 0x000a0000-0x000bffff window]
[    7.343505] pci_bus 0000:00: root bus resource [mem 0x20000000-0xfdffffff window]
[    7.385366] pci_bus 0000:00: root bus resource [bus 00-ff]
[    7.458330] pci 0000:00:01.1: legacy IDE quirk: reg 0x10: [io  0x01f0-0x01f7]
[    7.493863] pci 0000:00:01.1: legacy IDE quirk: reg 0x14: [io  0x03f6]
[    7.527019] pci 0000:00:01.1: legacy IDE quirk: reg 0x18: [io  0x0170-0x0177]
[    7.562119] pci 0000:00:01.1: legacy IDE quirk: reg 0x1c: [io  0x0376]
[    7.970271] pci 0000:00:07.0: quirk: [io  0x4000-0x403f] claimed by PIIX4 ACPI
[    8.246270] pci 0000:00:07.0: quirk: [io  0x4100-0x410f] claimed by PIIX4 SMB
[    8.432493] ACPI: PCI Interrupt Link [LNKA] (IRQs 5 9 10 *11)
[    8.487930] ACPI: PCI Interrupt Link [LNKB] (IRQs 5 9 *10 11)
[    8.532301] ACPI: PCI Interrupt Link [LNKC] (IRQs 5 *9 10 11)
[    8.577203] ACPI: PCI Interrupt Link [LNKD] (IRQs 5 9 10 *11)
[    8.625294] ACPI: Enabled 2 GPEs in block 00 to 07
[    8.662278] vgaarb: setting as boot device: PCI:0000:00:02.0
[    8.695048] vgaarb: device added: PCI:0000:00:02.0,decodes=io+mem,owns=io+mem,locks=none
[    8.745246] vgaarb: loaded
[    8.763059] vgaarb: bridge control possible 0000:00:02.0
[    8.792890] SCSI subsystem initialized
[    8.817084] ACPI: bus type USB registered
[    8.844584] usbcore: registered new interface driver usbfs
[    8.876188] usbcore: registered new interface driver hub
[    8.903758] usbcore: registered new device driver usb
[    8.934385] PCI: Using ACPI for IRQ routing
[    8.965698] NetLabel: Initializing
[    8.987114] NetLabel:  domain hash size = 128
[    9.055852] NetLabel:  protocols = UNLABELED CIPSOv4
[    9.099359] NetLabel:  unlabeled traffic allowed by default
[    9.134404] amd_nb: Cannot enumerate AMD northbridges
[    9.164633] clocksource: Switched to clocksource kvm-clock
[    9.218686] AppArmor: AppArmor Filesystem Enabled
[    9.264426] pnp: PnP ACPI init
[    9.294445] pnp: PnP ACPI: found 3 devices
[    9.328535] clocksource: acpi_pm: mask: 0xffffff max_cycles: 0xffffff, max_idle_ns: 2085701024 ns
[    9.377066] NET: Registered protocol family 2
[    9.403843] TCP established hash table entries: 4096 (order: 3, 32768 bytes)
[    9.439280] TCP bind hash table entries: 4096 (order: 4, 65536 bytes)
[    9.482192] TCP: Hash tables configured (established 4096 bind 4096)
[    9.515768] UDP hash table entries: 256 (order: 1, 8192 bytes)
[    9.546199] UDP-Lite hash table entries: 256 (order: 1, 8192 bytes)
[    9.577989] NET: Registered protocol family 1
[    9.602705] pci 0000:00:00.0: Limiting direct PCI/PCI transfers
[    9.640341] pci 0000:00:01.0: Activating ISA DMA hang workarounds
[    9.676390] Unpacking initramfs...
[   10.115751] Freeing initrd memory: 14828K
[   10.145611] RAPL PMU detected, API unit is 2^-32 Joules, 3 fixed counters 10737418240 ms ovfl timer
[   10.224257] hw unit of domain pp0-core 2^-0 Joules
[   10.331262] hw unit of domain package 2^-0 Joules
[   10.397600] hw unit of domain pp1-gpu 2^-0 Joules
[   10.457961] clocksource: tsc: mask: 0xffffffffffffffff max_cycles: 0x1fa3d096a31, max_idle_ns: 440795290859 ns
[   10.516567] platform rtc_cmos: registered platform RTC device (no PNP device found)
[   10.563432] Scanning for low memory corruption every 60 seconds
[   10.596634] audit: initializing netlink subsys (disabled)
[   10.624901] audit: type=2000 audit(1565614657.510:1): initialized
[   10.656082] Initialise system trusted keyring
[   10.682980] HugeTLB registered 2 MB page size, pre-allocated 0 pages
[   10.717292] zbud: loaded
[   10.736233] VFS: Disk quotas dquot_6.6.0
[   10.759447] VFS: Dquot-cache hash table entries: 512 (order 0, 4096 bytes)
[   10.793760] squashfs: version 4.0 (2009/01/31) Phillip Lougher
[   10.825015] fuse init (API version 7.23)
[   10.847959] Key type big_key registered
[   10.869885] Allocating IMA MOK and blacklist keyrings.
[   10.910495] Key type asymmetric registered
[   10.933619] Asymmetric key parser 'x509' registered
[   10.959636] Block layer SCSI generic (bsg) driver version 0.4 loaded (major 249)
[   11.000963] io scheduler noop registered
[   11.023332] io scheduler deadline registered (default)
[   11.050777] io scheduler cfq registered
[   11.073495] pci_hotplug: PCI Hot Plug PCI Core version: 0.5
[   11.102418] pciehp: PCI Express Hot Plug Controller Driver version: 0.4
[   11.138582] ACPI: AC Adapter [AC] (on-line)
[   11.169981] input: Power Button as /devices/LNXSYSTM:00/LNXPWRBN:00/input/input0
[   11.210644] ACPI: Power Button [PWRF]
[   11.233050] input: Sleep Button as /devices/LNXSYSTM:00/LNXSLPBN:00/input/input1
[   11.273438] ACPI: Sleep Button [SLPF]
[   11.297013] GHES: HEST is not enabled!
[   11.318705] Serial: 8250/16550 driver, 32 ports, IRQ sharing enabled
[   11.428965] 00:02: ttyS0 at I/O 0x3f8 (irq = 4, base_baud = 115200) is a 16550A
[   11.472144] Linux agpgart interface v0.103
[   11.506993] loop: module loaded
[   11.539572] scsi host0: ata_piix
[   11.562454] scsi host1: ata_piix
[   11.586148] ata1: PATA max UDMA/33 cmd 0x1f0 ctl 0x3f6 bmdma 0xd000 irq 14
[   11.627026] ata2: PATA max UDMA/33 cmd 0x170 ctl 0x376 bmdma 0xd008 irq 15
[   11.668545] libphy: Fixed MDIO Bus: probed
[   11.702798] tun: Universal TUN/TAP device driver, 1.6
[   11.733630] tun: (C) 1999-2004 Max Krasnyansky <maxk@qualcomm.com>
[   11.766506] PPP generic driver version 2.4.2
[   11.790532] ehci_hcd: USB 2.0 'Enhanced' Host Controller (EHCI) Driver
[   11.822696] ehci-pci: EHCI PCI platform driver
[   11.847246] ehci-platform: EHCI generic platform driver
[   11.876764] ohci_hcd: USB 1.1 'Open' Host Controller (OHCI) Driver
[   11.907543] ohci-pci: OHCI PCI platform driver
[   11.931375] ohci-platform: OHCI generic platform driver
[   11.957820] uhci_hcd: USB Universal Host Controller Interface driver
[   11.989455] i8042: PNP: PS/2 Controller [PNP0303:PS2K,PNP0f03:PS2M] at 0x60,0x64 irq 1,12
[   12.041724] serio: i8042 KBD port at 0x60,0x64 irq 1
[   12.067831] serio: i8042 AUX port at 0x60,0x64 irq 12
[   12.094124] mousedev: PS/2 mouse device common for all mice
[   12.129937] rtc_cmos rtc_cmos: rtc core: registered rtc_cmos as rtc0
[   12.163629] input: AT Translated Set 2 keyboard as /devices/platform/i8042/serio0/input/input2
[   12.211324] rtc_cmos rtc_cmos: alarms up to one day, 114 bytes nvram
[   12.257309] i2c /dev entries driver
[   12.277793] device-mapper: uevent: version 1.0.3
[   12.313603] device-mapper: ioctl: 4.34.0-ioctl (2015-10-28) initialised: dm-devel@redhat.com
[   12.358607] ledtrig-cpu: registered to indicate activity on CPUs
[   12.390636] NET: Registered protocol family 10
[   12.416998] NET: Registered protocol family 17
[   12.441743] Key type dns_resolver registered
[   12.465827] registered taskstats version 1
[   12.489234] Loading compiled-in X.509 certificates
[   12.517685] Loaded X.509 cert 'Build time autogenerated kernel key: 3e01e6df98386236d59670e6b2ed19a044d5324e'
[   12.569228] zswap: loaded using pool lzo/zbud
[   12.623220] Key type trusted registered
[   12.749459] Key type encrypted registered
[   12.805905] AppArmor: AppArmor sha1 policy hashing enabled
[   12.851050] ima: No TPM chip found, activating TPM-bypass!
[   12.879175] ima: Allocated hash algorithm: sha1
[   12.903961] evm: HMAC attrs: 0x1
[   12.930193]   Magic number: 15:627:986
[   12.954255] rtc_cmos rtc_cmos: setting system clock to 2019-08-12 12:57:31 UTC (1565614651)
[   12.999776] BIOS EDD facility v0.16 2004-Jun-25, 0 devices found
[   13.029989] EDD information not available.
[   13.063331] Freeing unused kernel memory: 1484K
[   13.097087] Write protecting the kernel read-only data: 14336k
[   13.131599] Freeing unused kernel memory: 1612K
[   13.156939] Freeing unused kernel memory: 64K
Loading, please wait...
starting version 229
[   13.278023] random: systemd-udevd: uninitialized urandom read (16 bytes read, 4 bits of entropy available)
[   13.279643] random: udevadm: uninitialized urandom read (16 bytes read, 4 bits of entropy available)
[   13.279681] random: udevadm: uninitialized urandom read (16 bytes read, 4 bits of entropy available)
[   13.330754] random: udevadm: uninitialized urandom read (16 bytes read, 4 bits of entropy available)
[   13.330834] random: udevadm: uninitialized urandom read (16 bytes read, 4 bits of entropy available)
[   13.331284] random: udevadm: uninitialized urandom read (16 bytes read, 4 bits of entropy available)
[   13.331402] random: udevadm: uninitialized urandom read (16 bytes read, 4 bits of entropy available)
[   13.331691] random: udevadm: uninitialized urandom read (16 bytes read, 4 bits of entropy available)
[   13.331802] random: udevadm: uninitialized urandom read (16 bytes read, 4 bits of entropy available)
[   13.331917] random: udevadm: uninitialized urandom read (16 bytes read, 4 bits of entropy available)
[   13.879366] e1000: Intel(R) PRO/1000 Network Driver - version 7.3.21-k8-NAPI
[   13.915329] e1000: Copyright (c) 1999-2006 Intel Corporation.
[   14.117596] Fusion MPT base driver 3.04.20
[   14.177894] Copyright (c) 1999-2008 LSI Corporation
[   14.322193] Fusion MPT SPI Host driver 3.04.20
[   14.349260] AVX version of gcm_enc/dec engaged.
[   14.374434] AES CTR mode by8 optimization enabled
[   14.583242] input: ImExPS/2 Generic Explorer Mouse as /devices/platform/i8042/serio1/input/input4
[   16.148018] e1000 0000:00:03.0 eth0: (PCI:33MHz:32-bit) 02:46:62:72:a1:53
[   16.181730] e1000 0000:00:03.0 eth0: Intel(R) PRO/1000 Network Connection
[   16.220848] mptbase: ioc0: Initiating bringup
[   16.325457] ioc0: LSI53C1030 A0: Capabilities={Initiator}
[   16.559380] scsi host2: ioc0: LSI53C1030 A0, FwRev=00000000h, Ports=1, MaxQ=256, IRQ=20
[   16.716445] scsi 2:0:0:0: Direct-Access     VBOX     HARDDISK         1.0  PQ: 0 ANSI: 5
[   16.757432] scsi target2:0:0: Beginning Domain Validation
[   16.792505] scsi target2:0:0: Domain Validation skipping write tests
[   16.822020] scsi target2:0:0: Ending Domain Validation
[   16.848066] scsi target2:0:0: asynchronous
[   16.872309] scsi 2:0:1:0: Direct-Access     VBOX     HARDDISK         1.0  PQ: 0 ANSI: 5
[   16.912837] scsi target2:0:1: Beginning Domain Validation
[   16.947665] scsi target2:0:1: Domain Validation skipping write tests
[   16.977045] scsi target2:0:1: Ending Domain Validation
[   17.228283] scsi target2:0:1: asynchronous
[   17.269126] sd 2:0:0:0: Attached scsi generic sg0 type 0
[   17.298061] sd 2:0:1:0: Attached scsi generic sg1 type 0
[   17.325954] sd 2:0:1:0: [sdb] 20480 512-byte logical blocks: (10.5 MB/10.0 MiB)
[   17.345797] sd 2:0:0:0: [sda] 20971520 512-byte logical blocks: (10.7 GB/10.0 GiB)
[   17.407333] sd 2:0:1:0: [sdb] Write Protect is off
[   17.433209] sd 2:0:1:0: [sdb] Incomplete mode parameter data
[   17.460516] sd 2:0:1:0: [sdb] Assuming drive cache: write through
[   17.474432] sd 2:0:0:0: [sda] Write Protect is off
[   17.520353] sd 2:0:0:0: [sda] Incomplete mode parameter data
[   17.548252] sd 2:0:0:0: [sda] Assuming drive cache: write through
[   17.603966] sd 2:0:1:0: [sdb] Attached SCSI disk
[   17.682995]  sda: sda1
[   17.727390] sd 2:0:0:0: [sda] Attached SCSI disk
[   18.863592] e1000 0000:00:08.0 eth1: (PCI:33MHz:32-bit) 08:00:27:94:b5:75
[   18.896195] e1000 0000:00:08.0 eth1: Intel(R) PRO/1000 Network Connection
[   18.945252] e1000 0000:00:03.0 enp0s3: renamed from eth0
[   19.005353] e1000 0000:00:08.0 enp0s8: renamed from eth1
Begin: Loading essential drivers ... [   26.983575] md: linear personality registered for level -1
[   27.019341] md: multipath personality registered for level -4
[   27.055176] md: raid0 personality registered for level 0
[   27.105286] md: raid1 personality registered for level 1
[   27.208935] raid6: sse2x1   gen()  6345 MB/s
[   27.322647] raid6: sse2x1   xor()  4589 MB/s
[   27.408903] raid6: sse2x2   gen()  7607 MB/s
[   27.496855] raid6: sse2x2   xor()  5853 MB/s
[   27.584641] raid6: sse2x4   gen()  9421 MB/s
[   27.672948] raid6: sse2x4   xor()  7018 MB/s
[   27.695628] raid6: using algorithm sse2x4 gen() 9421 MB/s
[   27.722830] raid6: .... xor() 7018 MB/s, rmw enabled
[   27.748128] raid6: using ssse3x2 recovery algorithm
[   27.777860] xor: automatically using best checksumming function:
[   27.848754]    avx       : 17107.000 MB/sec
[   27.876115] async_tx: api initialized (async)
[   27.974817] md: raid6 personality registered for level 6
[   28.003611] md: raid5 personality registered for level 5
[   28.031657] md: raid4 personality registered for level 4
[   28.093760] md: raid10 personality registered for level 10
done.
Begin: Running /scripts/init-premount ... done.
Begin: Mounting root file system ... Begin: Running /scripts/local-top ... done.
Begin: Running /scripts/local-premount ... [   28.293284] Btrfs loaded
Scanning for Btrfs filesystems
done.
Warning: fsck not present, so skipping root file system
[   28.513544] EXT4-fs (sda1): INFO: recovery required on readonly filesystem
[   28.546660] EXT4-fs (sda1): write access will be enabled during recovery
[   29.122894] random: nonblocking pool is initialized
[   29.735399] EXT4-fs (sda1): recovery complete
[   29.762180] EXT4-fs (sda1): mounted filesystem with ordered data mode. Opts: (null)
done.
Begin: Running /scripts/local-bottom ... done.
Begin: Running /scripts/init-bottom ... done.
[   30.277918] systemd[1]: systemd 229 running in system mode. (+PAM +AUDIT +SELINUX +IMA +APPARMOR +SMACK +SYSVINIT +UTMP +LIBCRYPTSETUP +GCRYPT +GNUTLS +ACL +XZ -LZ4 +SECCOMP +BLKID +ELFUTILS +KMOD -IDN)
[   30.365262] systemd[1]: Detected virtualization oracle.
[   30.392665] systemd[1]: Detected architecture x86-64.

Welcome to [1mUbuntu 16.04.6 LTS[0m!

[   30.500304] systemd[1]: Set hostname to <appserver>.
[   31.714435] systemd[1]: Listening on Device-mapper event daemon FIFOs.
[[0;32m  OK  [0m] Listening on Device-mapper event daemon FIFOs.
[   31.783055] systemd[1]: Started Forward Password Requests to Wall Directory Watch.
[[0;32m  OK  [0m] Started Forward Password Requests to Wall Directory Watch.
[   31.874381] systemd[1]: Listening on LVM2 poll daemon socket.
[[0;32m  OK  [0m] Listening on LVM2 poll daemon socket.
[   31.955088] systemd[1]: Listening on /dev/initctl Compatibility Named Pipe.
[[0;32m  OK  [0m] Listening on /dev/initctl Compatibility Named Pipe.
[   32.119942] systemd[1]: Listening on Journal Socket (/dev/log).
[[0;32m  OK  [0m] Listening on Journal Socket (/dev/log).
[   32.227085] systemd[1]: Created slice User and Session Slice.
[[0;32m  OK  [0m] Created slice User and Session Slice.
[   32.295525] systemd[1]: Started Trigger resolvconf update for networkd DNS.
[[0;32m  OK  [0m] Started Trigger resolvconf update for networkd DNS.
[   32.376600] systemd[1]: Listening on Syslog Socket.
[[0;32m  OK  [0m] Listening on Syslog Socket.
[   32.435708] systemd[1]: Listening on udev Control Socket.
[[0;32m  OK  [0m] Listening on udev Control Socket.
[   32.496520] systemd[1]: Reached target Encrypted Volumes.
[[0;32m  OK  [0m] Reached target Encrypted Volumes.
[   32.556348] systemd[1]: Reached target User and Group Name Lookups.
[[0;32m  OK  [0m] Reached target User and Group Name Lookups.
[   32.620300] systemd[1]: Reached target Swap.
[[0;32m  OK  [0m] Reached target Swap.
[   32.673196] systemd[1]: Created slice System Slice.
[[0;32m  OK  [0m] Created slice System Slice.
[   32.729568] systemd[1]: Reached target Slices.
[[0;32m  OK  [0m] Reached target Slices.
[   32.783267] systemd[1]: Created slice system-serial\x2dgetty.slice.
[[0;32m  OK  [0m] Created slice system-serial\x2dgetty.slice.
[   32.849616] systemd[1]: Listening on LVM2 metadata daemon socket.
[[0;32m  OK  [0m] Listening on LVM2 metadata daemon socket.
[   32.912603] systemd[1]: Set up automount Arbitrary Executable File Formats File System Automount Point.
[[0;32m  OK  [0m] Set up automount Arbitrary Executab...ats File System Automount Point.
[   32.998757] systemd[1]: Listening on udev Kernel Socket.
[[0;32m  OK  [0m] Listening on udev Kernel Socket.
[   33.057581] systemd[1]: Listening on Journal Audit Socket.
[[0;32m  OK  [0m] Listening on Journal Audit Socket.
[   33.118228] systemd[1]: Listening on Journal Socket.
[[0;32m  OK  [0m] Listening on Journal Socket.
[   33.189651] systemd[1]: Starting Uncomplicated firewall...
         Starting Uncomplicated firewall...
[   33.298263] systemd[1]: Starting Nameserver information manager...
         Starting Nameserver information manager...
[   33.624565] systemd[1]: Starting Remount Root and Kernel File Systems...
         [   33.671592] EXT4-fs (sda1): re-mounted. Opts: (null)
Starting Remount Root and Kernel File Systems...
[   33.713910] systemd[1]: Mounting Debug File System...
         Mounting Debug File System...
[   33.766156] systemd[1]: Starting Create list of required static device nodes for the current kernel...
         Starting Create list of required st... nodes for the current kernel...
[   33.889326] systemd[1]: Starting Load Kernel Modules...
[   33.926320] Loading iSCSI transport class v2.0-870.
         Starting Load Kernel Modules...
[   33.964555] systemd[1]: Mounting POSIX Message Queue File System...
         Mounting POSIX Message Queue File System...
[   34.047188] iscsi: registered transport (tcp)
[   34.051479] systemd[1]: Starting Journal Service...
         Starting Journal Service...
[   34.149357] systemd[1]: Starting Monitoring of LVM2 mirrors, snapshots etc. using dmeventd or progress polling...
         Starting Monitoring of LVM2 mirrors... dmeventd or progress polling...
[   34.281777] systemd[1]: Mounting Huge Pages File System...
         Mounting Huge Pages File System...
[   34.384795] iscsi: registered transport (iser)
[   34.414468] systemd[1]: Starting Set console keymap...
         Starting Set console keymap...
[   34.480126] systemd[1]: Reached target System Time Synchronized.
[[0;32m  OK  [0m] Reached target System Time Synchronized.
[   34.583400] systemd[1]: Mounted Debug File System.
[[0;32m  OK  [0m] Mounted Debug File System.
[   34.644076] systemd[1]: Mounted POSIX Message Queue File System.
[[0;32m  OK  [0m] Mounted POSIX Message Queue File System.
[   34.725413] systemd[1]: Mounted Huge Pages File System.
[[0;32m  OK  [0m] Mounted Huge Pages File System.
[   34.806376] systemd[1]: Started Journal Service.
[[0;32m  OK  [0m] Started Journal Service.
[[0;32m  OK  [0m] Started Uncomplicated firewall.
[[0;32m  OK  [0m] Started Remount Root and Kernel File Systems.
[[0;32m  OK  [0m] Started Create list of required sta...ce nodes for the current kernel.
[[0;32m  OK  [0m] Started Load Kernel Modules.
[[0;32m  OK  [0m] Started Set console keymap.
[[0;32m  OK  [0m] Started Nameserver information manager.
[[0;32m  OK  [0m] Started LVM2 metadata daemon.
         Mounting FUSE Control File System...
         Starting Apply Kernel Variables...
         Starting Create Static Device Nodes in /dev...
         Starting udev Coldplug all Devices...
         Starting Load/Save Random Seed...
         Starting Flush Journal to Persistent Storage...
[[0;32m  OK  [0m] Mounted FUSE Control File System.
[[0;32m  OK  [0m] Started Monitoring of LVM2 mirrors,...ng dmeventd or progress polling.
[[0;32m  OK  [0m] Started Apply Kernel Variables.
[[0;32m  OK  [0m] Started Create Static Device Nodes in /dev.
[[0;32m  OK  [0m] Started Load/Save Random Seed.
[[0;32m  OK  [0m] Started udev Coldplug all Devices.
[[0;32m  OK  [0m] Started Flush Journal to Persistent Storage.
         Starting udev Kernel Device Manager...
[[0;32m  OK  [0m] Reached target Local File Systems (Pre).
[[0;32m  OK  [0m] Reached target Local File Systems.
         Starting LSB: AppArmor initialization...
         Starting Create Volatile Files and Directories...
         Starting Set console font and keymap...
         Starting Initial cloud-init job (pre-networking)...
         Starting Tell Plymouth To Write Out Runtime Data...
[[0;32m  OK  [0m] Started udev Kernel Device Manager.
[[0;32m  OK  [0m] Started Create Volatile Files and Directories.
[[0;32m  OK  [0m] Started Tell Plymouth To Write Out Runtime Data.
         Starting Update UTMP about System Boot/Shutdown...
[[0;32m  OK  [0m] Started Dispatch Password Requests to Console Directory Watch.
[[0;32m  OK  [0m] Started LSB: AppArmor initialization.
[   32.826482] cloud-init[476]: Cloud-init v. 19.1-1-gbaa47854-0ubuntu1~16.04.1 running 'init-local' at Mon, 12 Aug 2019 12:57:57 +0000. Up 31.96 seconds.
[[0;32m  OK  [0m] Started Initial cloud-init job (pre-networking).
[[0;32m  OK  [0m] Started Update UTMP about System Boot/Shutdown.
[[0;32m  OK  [0m] Found device /dev/ttyS0.
[[0;32m  OK  [0m] Listening on Load/Save RF Kill Switch Status /dev/rfkill Watch.
[[0;32m  OK  [0m] Reached target Network (Pre).
[[0;32m  OK  [0m] Started ifup for enp0s8.
[[0;32m  OK  [0m] Started ifup for enp0s3.
         Starting Raise network interfaces...
[[0;32m  OK  [0m] Started Set console font and keymap.
[[0;32m  OK  [0m] Created slice system-getty.slice.
[[0;32m  OK  [0m] Started Raise network interfaces.
[[0;32m  OK  [0m] Reached target Network.
         Starting Initial cloud-init job (metadata service crawler)...
[   53.125996] cloud-init[1073]: Cloud-init v. 19.1-1-gbaa47854-0ubuntu1~16.04.1 running 'init' at Mon, 12 Aug 2019 12:58:18 +0000. Up 52.44 seconds.
[   53.183319] cloud-init[1073]: ci-info: ++++++++++++++++++++++++++++++++++++++Net device info+++++++++++++++++++++++++++++++++++++++
[   53.229517] cloud-init[1073]: ci-info: +--------+------+-----------------------------+---------------+--------+-------------------+
[   53.273570] cloud-init[1073]: ci-info: | Device |  Up  |           Address           |      Mask     | Scope  |     Hw-Address    |
[   53.322924] cloud-init[1073]: ci-info: +--------+------+-----------------------------+---------------+--------+-------------------+
[   53.366731] cloud-init[1073]: ci-info: | enp0s3 | True |          10.0.2.15          | 255.255.255.0 | global | 02:46:62:72:a1:53 |
[[0;32m  OK  [0m] Started Initial cloud-init job (metadata service crawler).
[   53.431662] cloud-init[1073]: ci-info: | enp0s3 | True |  fe80::46:62ff:fe72:a153/64 |       .       |  link  | 02:46:62:72:a1:53 |
[   53.517826] cloud-init[1073]: ci-info: | enp0s8 | True |         10.10.10.20         | 255.255.255.0 | global | 08:00:27:94:b5:75 |
[   53.559996] cloud-init[1073]: ci-info: | enp0s8 | True | fe80::a00:27ff:fe94:b575/64 |       .       |  link  | 08:00:27:94:b5:75 |
[   53.601170] cloud-init[1073]: ci-info: |   lo   | True |          127.0.0.1          |   255.0.0.0   |  host  |         .         |
[   53.635981] cloud-init[1073]: ci-info: |   lo   | True |           ::1/128           |       .       |  host  |         .         |
[   53.681943] cloud-init[1073]: ci-info: +--------+------+-----------------------------+---------------+--------+-------------------+[
[   53.721200] [0;32m  OK  [0mcloud-init[1073]: ci-info: +++++++++++++++++++++++++++Route IPv4 info++++++++++++++++++++++++++++] Reached target System Initialization.

         Starting Socket activation for snappy daemon.
[   53.773451] cloud-init[1073]: ci-info: +-------+-------------+----------+---------------+-----------+-------+
[[0;32m  OK  [0m] Started Daily Cleanup of Temporary Directories.
[[0;32m  OK  [0m] Listening on D-Bus System Message Bus Socket.
[   53.842923] cloud-init[1073]: ci-info: | Route | Destination | Gateway  |    Genmask    | Interface | Flags |
[   53.967494] cloud-init[1073]: ci-info: +-------+-------------+----------+---------------+-----------+-------+
[[   54.022978] cloud-init[1073]: ci-info: |   0   |   0.0.0.0   | 10.0.2.2 |    0.0.0.0    |   enp0s3  |   UG  |
[   54.031487] cloud-init[1073]: ci-info: |   1   |   10.0.2.0  | 0.0.0.0  | 255.255.255.0 |   enp0s3  |   U   |
[   54.035257] cloud-init[1073]: ci-info: |   2   |  10.10.10.0 | 0.0.0.0  | 255.255.255.0 |   enp0s8  |   U   |
[   54.035347] cloud-init[1073]: ci-info: +-------+-------------+----------+---------------+-----------+-------+
[0;32m  OK  [0m] Listening on ACPID Listen Socket.
[   54.035433] cloud-init[1073]: ci-info: +++++++++++++++++++Route IPv6 info+++++++++++++++++++
[   54.239102] cloud-init[1073]: ci-info: +-------+-------------+---------+-----------+-------+
[   54.246000] cloud-init[1073]: ci-info: | Route | Destination | Gateway | Interface | Flags |
[   54.249412] cloud-init[1073]: ci-info: +-------+-------------+---------+-----------+-------+
[   54.249499] cloud-init[1073]: ci-info: |   0   |  fe80::/64  |    ::   |   enp0s8  |   U   |
[[0;32m  OK  [0m] Started Daily apt download activities.
[   54.249581] cloud-init[1073]: ci-info: |   1   |  fe80::/64  |    ::   |   enp0s3  |   U   |
[[0;32m  OK  [0m] Started Daily apt upgrade and clean activities.
[[0;32m  OK  [0m] Reached target Timers.
[[0;32m  OK  [0m] Listening on UUID daemon activation socket.
[   54.457438] cloud-init[1073]: ci-info: |   4   |   ff00::/8  |    ::   |   enp0s8  |   U   |
[   54.489994] cloud-init[1073]: ci-info: |   5   |   ff00::/8  |    ::   |   enp0s3  |   U   |
[   54.528720] cloud-init[1073]: ci-info: +-------+-------------+---------+-----------+-------+
         Starting LXD - unix socket.
[[0;32m  OK  [0m] Started ACPI Events Check.
[[0;32m  OK  [0m] Reached target Paths.
[[0;32m  OK  [0m] Reached target Network is Online.
         Starting iSCSI initiator daemon (iscsid)...
[[0;32m  OK  [0m] Reached target Cloud-config availability.
[[0;32m  OK  [0m] Listening on Socket activation for snappy daemon.
[[0;32m  OK  [0m] Listening on LXD - unix socket.
[[0;32m  OK  [0m] Started iSCSI initiator daemon (iscsid).
         Starting Login to default iSCSI targets...
[[0;32m  OK  [0m] Reached target Sockets.
[[0;32m  OK  [0m] Reached target Basic System.
[[0;32m  OK  [0m] Started Puma HTTP Server.
[[0;32m  OK  [0m] Started D-Bus System Message Bus.
         Starting System Logging Service...
         Starting LSB: Record successful boot for GRUB...
[[0;32m  OK  [0m] Started Regular background program processing daemon.
[[0;32m  OK  [0m] Started ACPI event daemon.
[[0;32m  OK  [0m] Started FUSE filesystem for LXC.
         Starting Accounts Service...
[[0;32m  OK  [0m] Started Deferred execution scheduler.
         Starting LSB: MD monitoring daemon...
         Starting OpenBSD Secure Shell server...
         Starting Snappy daemon...
         Starting /etc/rc.local Compatibility...
         Starting LXD - container startup/shutdown...
         Starting Login Service...
         Starting Virtualbox guest utils...
[[0;32m  OK  [0m] Started System Logging Service.
[[0;32m  OK  [0m] Started /etc/rc.local Compatibility.
[[0;32m  OK  [0m] Started OpenBSD Secure Shell server.
[[0;32m  OK  [0m] Started Login to default iSCSI targets.
[[0;32m  OK  [0m] Started LSB: Record successful boot for GRUB.
[[0;32m  OK  [0m] Started LSB: MD monitoring daemon.
[[0;32m  OK  [0m] Started LXD - container startup/shutdown.
         Starting Authenticate and Authorize Users to Run Privileged Tasks...
[[0;32m  OK  [0m] Reached target Remote File Systems (Pre).
[[0;32m  OK  [0m] Reached target Remote File Systems.
         Starting LSB: Set the CPU Frequency Scaling governor to "ondemand"...
         Starting LSB: automatic crash report generation...
         Starting LSB: daemon to balance interrupts for SMP systems...
         Starting Permit User Sessions...
[[0;32m  OK  [0m] Started Snappy daemon.
[[0;32m  OK  [0m] Started Virtualbox guest utils.
[[0;32m  OK  [0m] Started Permit User Sessions.
[[0;32m  OK  [0m] Started Login Service.
[[0;32m  OK  [0m] Started Authenticate and Authorize Users to Run Privileged Tasks.
[[0;32m  OK  [0m] Started Accounts Service.
[[0;32m  OK  [0m] Started LSB: Set the CPU Frequency Scaling governor to "ondemand".
[[0;32m  OK  [0m] Created slice User Slice of vagrant.
         Starting User Manager for UID 1000...
[[0;32m  OK  [0m] Started Unattended Upgrades Shutdown.
         Starting Terminate Plymouth Boot Screen...
         Starting Hold until boot process finishes up...
         Starting Wait until snapd is fully seeded...
[[0;32m  OK  [0m] Started User Manager for UID 1000.
[[0;32m  OK  [0m] Started LSB: automatic crash report generation.
[[0;32m  OK  [0m] Started LSB: daemon to balance interrupts for SMP systems.
[[0;32m  OK  [0m] Started Terminate Plymouth Boot Screen.
[[0;32m  OK  [0m] Started Hold until boot process finishes up.
[[0;32m  OK  [0m] Started Wait until snapd is fully seeded.
[[0;32m  OK  [0m] Started Session 1 of user vagrant.
         Starting Apply the settings specified in cloud-config...
[[0;32m  OK  [0m] Started Getty on tty1.
[[0;32m  OK  [0m] Started Serial Getty on ttyS0.
[[0;32m  OK  [0m] Reached target Login Prompts.
         Starting Set console scheme...
[[0;32m  OK  [0m] Reached target Multi-User System.
[[0;32m  OK  [0m] Reached target Graphical Interface.
         Starting Update UTMP about System Runlevel Changes...
[[0;32m  OK  [0m] Started Set console scheme.
[[0;32m  OK  [0m] Started Update UTMP about System Runlevel Changes.
[   61.890203] cloud-init[1348]: Cloud-init v. 19.1-1-gbaa47854-0ubuntu1~16.04.1 running 'modules:config' at Mon, 12 Aug 2019 12:58:26 +0000. Up 61.21 seconds.
[[0;32m  OK  [0m] Started Apply the settings specified in cloud-config.
         Starting Execute cloud user/final scripts...
[   63.232387] cloud-init[1445]: Cloud-init v. 19.1-1-gbaa47854-0ubuntu1~16.04.1 running 'modules:final' at Mon, 12 Aug 2019 12:58:28 +0000. Up 62.88 seconds.
[   63.294187] cloud-init[1445]: Cloud-init v. 19.1-1-gbaa47854-0ubuntu1~16.04.1 finished at Mon, 12 Aug 2019 12:58:28 +0000. Datasource DataSourceNoCloud [seed=/dev/sdb][dsmode=net].  Up 63.22 seconds
[[0;32m  OK  [0m] Started Execute cloud user/final scripts.
[[0;32m  OK  [0m] Reached target Cloud-init target.

Ubuntu 16.04.6 LTS appserver ttyS0

appserver login: 